1
【答案】A
【解析】①：原始社会未出现铁制工具，①符合题意。②③：原始社会低下的生产力使人们不得不共同劳动，共同占有生产资料，在生产中结成平等互助的关系，平均分配劳动产品，“咕噜用石头使劲切割兽肉”、“一家六口共同分享采集来的野果”是原始社会生产关系的具体体现，②③正确但不符合题意。④：公元700年，人类才发明羽毛笔，④符合题意。故本题选A。
2
【答案】B
【解析】B：随着社会生产力的发展，共同劳动被个体劳动取代，生产资料也就相应地逐渐转归个体家庭私有，此时，私有制逐渐确立，而私有制的确立导致了奴隶主阶级和奴隶阶级产生，奴隶制国家由此产生，B正确。ACD：这三项均传导错误，排除ACD。故本题选B。
3
【答案】B
【解析】B：“奴隶是一种最好的财产，是一切工具中最完善的工具”，这揭示了在奴隶社会，奴隶主占有生产资料并完全占有奴隶，B观点符合题意。A：文字的发明是人类进入文明时代的标志，A观点不符合题意。
C：在奴隶社会，奴隶毫无人身自由，奴隶自身都是奴隶主的私人财产，C说法错误。D：奴隶主占有奴隶所以劳动成果，D说法错误。故本题选B。
4
【答案】A
【解析】①③：“奴隶主们过着“以酒为池，悬肉为林”的奢侈生活，而奴隶们却衣不蔽体、食不果腹”体现了当时生产关系的状况是奴隶阶级受残酷剥削，奴隶主占有生产资料，故①③符合题意。②：材料强调的是奴隶阶级受残酷剥削，没有体现奴隶劳动时使用的工具比较落后，故②不符合题意。④：奴隶没有人身自由，故④说法错误。故本题选A。
5
【答案】B
【解析】A：地主占有绝大部分土地，通过地租等方式，占有农民大部分劳动成果，农民劳动成果除缴纳地租外能留下一部分归自己支配，A错误。BC：相对于奴隶，农民有一定的人身自由，有自己的劳动工具甚至少量土地，但不能完全自主地劳动，B正确，C错误。D：错在“完全一样”，D错误。故本题选B。
6
【答案】B
【解析】①④：封建阶级宣扬天子“受命于天”，是上天委任于人间的代理人，受天命约束，宣传“君权神授”的封建思想是地主阶级对农民实行思想统治的表现，其目的是维护封建统治和封建剥削制度，①④符合题意。②：封建土地所有制是地主阶级剥削农民的基础，榨取地租是地主阶级剥削农民的主要方式，②排除。
③：宣传“君权神授”的封建思想的目的是维护封建统治，而不是为了传播封建道德提高农民的道德水平，③错误。故本题选B。
7
【答案】D
【解析】②④：萧伯纳有一次碰到一个大腹便便的资本家，“一见到你，我就知道闹饥荒的原因。”萧伯纳所的话形象地揭示了资本家手中的大量财富是通过残酷压迫工人实现的，而生产资料资本主义私人占有是资本主义剥削的根源，故②④符合题意。①：资本家都是被雇佣工人剩余劳动创造的剩余价值养肥的，故①错误。③：“没有人身自由可言”说法错误，工人是有人身自由的，故③错误。故本题选D。
8
【答案】D
【解析】A：材料强调的是资产阶级和工人之间的关系，并未体现资本主义社会生产力的巨大飞跃。故A不符合题意。B：“容许把它们略微放松一点”并没有改变资本主义私有制及其剥削关系，故B说法错误。C：“容许把它们略微放松一点”可见工人的工资水平和生活条件并没有得到巨大的改善，故C说法错误。D：由题意知，“由于资本积累而提高的劳动价格，实际上不过表明，雇佣工人为自己铸造的金锁链已经够长够重，容许把它们略微放松一点”，这说明资产阶级为了维持统治，故采取了一些缓和阶级矛盾的措施，因此提高了劳动价格。故D说法正确。故本题选D。
9
【答案】B
【解析】ABCD：为了帮助同学了解科学社会主义的诞生，最适合推荐的书目为《共产党宣言》，其他书籍不涉及社会主义内容，ACD不符合题意，B符合题意。故本题选B。
10
【答案】C
【解析】①②：这两项属于空想社会主义的基本观点，而不是科学社会主义超越空想社会主义之处，故不选。③④：依据题意，科学社会主义超越空想社会主义之处是揭示社会发展的规律，阐明资本主义必然走向灭亡的经济根源;提出阶级斗争的主张，找到了社会变革的阶级基础和正确路径，故③④入选。故本题选C。
11
【答案】B
【解析】①：自人类进入阶级社会以来，统治阶级和被统治阶级的斗争就没有停止过，①错误。②③：“代替那存在着阶级和阶级对立的资产阶级旧社会的，将是这样一个联合体，在那里，每个人的自由发展是一切人的自由发展的条件”，说明这一论述是对未来共产主义社会本质的揭示；正是这一理想目标所蕴含的强大动力，激励着人们不断为实现共产主义而奋斗，②③正确。④：材料旨在说明题干这一论述是对未来共产主义社会本质的揭示，没有涉及“共产党始终代表整个无产阶级的利益，没有自己的特殊利益”。故本题选B。
12
【答案】D
【解析】①：第一次比较系统地阐述了历史唯物主义基本原理的著作是《德意志意识形态》，①错误。②：《资本论》第一卷;揭示了资本家剥削工人的秘密，使得人们深刻理解剩余价值学说，②错误。③：《共产党宣言》分析了资本主义生产方式的内在矛盾与人类社会的发展规律，科学论证了资本主义必然灭亡和社会主义必然胜利的历史必然性，③正确。④：《共产党宣言》 深刻阐述了马克思主义的科学世界观，深刻阐述了马克思主义政党的先进品格，深刻阐述了马克思主义政党的政治立 场，深刻阐述了马克思主义政党的崇高理想，④正确。故本题选D。
13
【答案】A
【解析】①：空想社会主义是科学社会主义的思想来源，是科学社会主义产生的一个历史前提，①正确。②：十月革命是人类历史上第一次胜利的社会主义革命，建立了第一个无产阶级领导的社会主义国家，开辟了人类探索社会主义道路的新时代，②正确。③：唯物史观和剩余价值学说是科学社会主义的理论基石，③错误。④：资本主义三大工人运动使工人阶级登上历史舞台。十月革命向全世界宣告崭新的社会制度由理想变为现实，社会主义从理论变成现实，④错误。故本题选A。
14
【答案】C
【解析】②④：《共产党宣言》科学论证了人类社会发展必然趋势，阐述和描绘了未来共产主义社会的理想目标 ，②④符合题意。①：共产党没有自己的特殊利益，①说法错误。③：《共产党宣言》并没有预见科学社会主义在中国的实践与发展，③说法错误。故本题选C。
15
【答案】D
【解析】A：共产党除了代表整个无产阶级的根本利益以外，没有自己的特殊利益，A说法错误。B：《共产党宣言》分析了资本主义生产方式的内在矛盾与人类社会的发展规律，科学论证了资本主义必然灭亡和社会主义必然胜利的历史必然性，资本主义与社会主义相融说法错误，B错误。C：共产党是无产阶级先锋队，中国共产党是中华民族先锋队，C错误。D：《共产党宣言》阐述了未来共产主义社会的理想目标，D正确。故本题选D。
第II卷（非选择题）
二、非选择题。（共55分）
16
【答案】（1）资本主义经济危机以生产过剩为基本特征。这种过剩是生产相对过剩，即相对于劳动人民有支付能力的需求来说，社会生产的商品显得过剩，而不是与劳动人民的实际需求相比的绝对过剩。超低的牛奶价格使奶农购买力下降，生活水平下降致使其买不起生活必需品，事实上并不是商品真的太多了。生产无限扩大的趋势与劳动人民有支付能力的需求相对缩小之间的矛盾，是导致资本主义经济危机的直接原因。资本主义社会的基本矛盾是经济危机难以治愈的根本原因。
（2）这一观点看到了资本作为生产要素在经济发展中的作用，有利于促进就业和社会化大生产的发展。但是资本家雇佣工人在生产过程中占有工人创造的剩余价值。雇佣劳动所创造的价值，远远超过资本家购买劳动力所付给工人的工资，超过部分就是工人创造的剩余价值，它被资本家无偿占有，具有隐蔽性，成为资本家各种利润的来源。资本家不仅侵占了本该属于工人的生产资料，迫使工人为其生产、服务，而且还最大限度的剥削他们创造的剩余价值，很明显是工人养活了资本家而不是资本家养活了工人，正是工人的劳动及其创造的剩余价值让资本家过上了奢华富足的生活。所以“如果没有他们的雇佣，就会造成工人失业甚至没法生存”这一观点是片面的。
【分析】本题以美国.1929年经济危机为背景，考查考生分析论证问题的能力，考查资本主义经济危机的有关知识。
【解析】（1）本题要求运用资本主义经济危机理论解释“许多奶农就连生活必需品都买不起”这一现象。首先从经济危机的基本特征是生产过剩，这种过剩是生产相对过剩，即相对于劳动人民有支付能力的需求来说，社会生产的商品显得过剩，而不是与劳动人民的实际需求相比的绝对过剩。材料中“纽约州牛奶收购价已经低到无法维持奶农基本生活的水平，许多奶农就连生活必需品都买不起，而许多奶农以毕生积蓄投资的奶场可能都将付之东流。”生产无限扩大的趋势与劳动人民有支付能力的需求相对缩小之间的矛盾，是导致资本主义经济危机的直接原因。
（2）本题属于评析类的主观题，要求结合资本主义生产关系的特点，对“如果没有他们的雇佣，就会造成工人失业甚至没法生存”这一观点进行评价。首先指出这一观点的合理性：看到了资本作为生产要素在经济发展中的作用，有利于促进就业和社会化大生产的发展。
另外，这一观点不合理之处在于，雇佣劳动所创造的价值，远远超过资本家购买劳动力所付给工人的工资，超过部分就是工人创造的剩余价值，它被资本家无偿占有；
所以是工人养活了资本家而不是资本家养活了工人，因此“如果没有他们的雇佣，就会造成工人失业甚至没法生存”这一观点是片面的。
17
【答案】（1）①《共产党宣言》分析了资本主义生产方式和人类社会发展规律，科学论证了资本主义必然灭亡和社会主义必然胜利的历史必然性；系统论述了无产阶级政党的性质、特点、任务和策略原则，阐明了建立无产阶级政党的必然性；阐述了未来共产主义社会的理想目标，激励无产阶级领导人民为实现共产主义而奋斗。《共产党宣言》发表，标志着科学社会主义、马克思主义的诞生，引领社会主义从一国到多国的成功实践。
②从根本上决定着社会主义从一国到多国的成功实践的，是生产关系一定要适合生产力状况、上层建筑一定要适合经济基础状况的社会发展普遍规律。题中的观点错误。
（2）劳动者共同占有生产资料；消灭了人剥削人的制度，人们在生产过程中建立起互助合作的关系；个人消费品实行按劳分配。
【分析】本题以《共产党宣言》的作用为话题设置情境，从中国特色社会主义角度考查学生获取和解读信息、调动和运用知识、描述和阐释事物的能力。
【解析】第一步：明确设问指向。本题共两问，设问（1）属于评析类主观题，设问（2）属于简答题。
第二步：提取关键信息，联系教材知识，逐层展开。
设问（1）：要求对“《共产党宣言》的发表根本上决定着社会主义从一国到多国的成功实践。”这一观点发表看法。
首先，分析观点的合理性。
信息①：《共产党宣言》对国际共产主义运动和人类历史发展产生了深远影响，引领社会主义从一国到多国的成功实践 可联系《共产党宣言》分析了人类社会发展的客观规律，论证了资本主义必然灭亡和社会主义必然胜利，对社会主义由一国到多国的实践起了巨大的指导作用。
其次，分析观点的不合理性。
设问信息②：《共产党宣言》的发表根本上决定着社会主义从一国到多国的成功实践 可联系生产关系一定要适合生产力、上层建筑一定要适合经济基础是人类社会发展的普遍规律，它决定着科学社会主义实践的成败。因此，题观点错误。
设问（2）：要求结合材料二，简要说明社会主义生产关系的特点。
信息①：实行国家土地所有制，一切土地都是全民的财产 可概括为劳动者共同占有生产资料。
信息②：废除地主土地私有制 可概括为消灭了人剥削人的制度，劳动者互助合作。
信息③：按劳动定额和消费定额分配给劳动者 可概括为坚持按劳分配。
18
【答案】（1）①空想社会主义是科学社会主义的思想来源。
②资本主义的发展和工人运动的兴起，是科学社会主义产生的历史前提。
③马克思的两个伟大发现——唯物史观和剩余价值学说，为科学社会主义奠定了理论基石。
（2）感悟示例：志存高远；顽强意志；创新精神。
【分析】本题以科学社会主义为话题设置试题情境，以经典文献为材料，从《中国特色社会主义》的知识角度设置2个问题，考查考生对基础知识的掌握程度，考查考生对基础知识的识记和再现能力，考查考生运用知识解决问题的能力。
【解析】第（1）问，本题要求考生结合所学知识，分析马克思创立科学社会主义的历史条件。知识的考查比较具体，属于微观层面的考查。关于马克思创立科学社会主义的历史条件，教材从思想来源、历史前提、理论基石三个方面进行了明确而具体的阐释，考生依据教材知识书写即可：思想来源：空想社会主义；历史前提：资本主义的发展和工人运动的兴起；理论基石：唯物史观和剩余价值学说。考生根据对基础知识的掌握程度书写作答即可。
第（2）问，本题要求考生阅读材料，写出自己的人生感悟。试题具有开放性，考生围绕主题，把握要求，多角度思考作答。材料介绍了马克思对真理的追求，具有远大的志向、坚强的意志，和各种困难作斗争，因此考生可以从个人志向、个人意志、创新方面分析作答。也可从其他角度分析。
19
【答案】（1）资本家占有一切生产资料，失去生产资料的劳动者不得不出卖自己的劳动力，受雇于资本家，成为雇佣工人，资本家在生产过程中占有工人创造的剩余价值。封建制社会：地主占有绝大部分土地，通过地租等方式，占有农民大部分劳动成果。相对于奴隶，农民有一定的人身自由，有自己的劳动工具甚至有自己的一点土地，劳动成果除地租外能留下一部分归自己支配。
（2）无偿占有雇佣工人创造的剩余价值，这是资本家剥削工人的秘密。
【解析】（1）此题属于简答题型，根据课本知识回答，资本主义社会的特点：资本家占有一切生产资料，失去生产资料的劳动者不得不出卖自己的劳动力，受雇于资本家，成为雇佣工人，资本家在生产过程中占有工人创造的剩余价值。封建社会：地主占有绝大部分土地，通过地租等方式，占有农民大部分劳动成果。相对于奴隶，农民有一定的人身自由，有自己的劳动工具甚至有自己的一点土地，劳动成果除地租外能留下一部分归自己支配。
（2）资本主义剥削的秘密是：无偿占有雇佣工人创造的剩余价值，这是资本家剥削工人的秘密。
20
【答案】（1）资本主义经济危机主要表现在:大量商品卖不出去，大量生产资料被闲置，大批生产企业、银行破产，大批工人失业，生产迅速下降，信用关系被破坏，整个社会生活陷人混乱。
（2）经济危机集中地体现和暴露了资本主义制度的局限性和历史过渡性，是资本主义生产方式无力驾驭社会化大生产的有力证明。社会生产力的发展必然要求一种新的、更加先进的社会关系来代替它。
（3）①生产社会化和生产资料资本主义私人占有之间的矛盾。
②资本主义基本矛盾是资本主义社会一切矛盾和冲突的总根源，资本主义基本矛盾的发展，贯穿于资本主义社会的始终，决定着资本主义的命运。
③生产社会化的程度越高，资本、生产资料、劳动产品就越集中在少数资本家手里，资本主义社会基本矛盾的尖锐化就越不可避免。资本主义终究要被社会主义所取代，这是历史发展的必然趋势。
【分析】本题以资本主义发展为话题背景，考查学生对资本主义经济危机、资本主义矛盾等知识点的掌握和运用能力，难度一般。
【解析】（1）本题设问要求回答资本主义经济危机具体表现在哪里，考生可以根据教材知识点原话回答，即说明资本主义经济危机主要表现在:大量商品卖不出去，大量生产资料被闲置，大批生产企业、银行破产，大批工人失业，生产迅速下降，信用关系被破坏，整个社会生活陷人混乱。
（2）本题设问要求应如何看待资本主义经济危机，对于经济危机的认识在教材有明确表述，考生根据教材回答出经济危机集中地体现和暴露了资本主义制度的局限性和历史过渡性，是资本主义生产方式无力驾驭社会化大生产的有力证明即可。
（3）本题设问要求结合材料，运用所学知识，说明为什么西方国家会逐步走向衰落，“美国有3400万成年男女和儿童，即约占全国总人口的28%的人口无法维持生计，200万人到处流浪，平均每3个可以工作的人中，就有1个人失业”说明生产社会化和生产资料资本主义私人占有之间的矛盾，资本主义基本矛盾是资本主义社会一切矛盾和冲突的总根源，资本主义基本矛盾的发展，贯穿于资本主义社会的始终，决定着资本主义的命运。“资本主义社会基本矛盾注定了西方国家会由于其内在的不可克服的这一矛盾而逐步走向衰落，而我们的制度由于符合人类历史发展规律的要求将强大起来”说明生产社会化的程度越高，资本、生产资料、劳动产品就越集中在少数资本家手里，资本主义社会基本矛盾的尖锐化就越不可避免。资本主义终究要被社会主义所取代，这是历史发展的必然趋势。
